make all --print-data-base --no-builtin-variables --no-builtin-rules --question
# GNU Make 4.3
# Built for x86_64-pc-linux-gnu
# Copyright (C) 1988-2020 Free Software Foundation, Inc.
# License GPLv3+: GNU GPL version 3 or later <http://gnu.org/licenses/gpl.html>
# This is free software: you are free to change and redistribute it.
# There is NO WARRANTY, to the extent permitted by law.

# Make data base, printed on Fri Aug 19 17:08:58 2022

# Variables

# environment
GDK_BACKEND = x11
# environment
LC_ALL = C
# environment
GNOME_SHELL_SESSION_MODE = ubuntu
# environment
SSH_AGENT_LAUNCHER = gnome-keyring
# environment
GJS_DEBUG_OUTPUT = stderr
# environment
VSCODE_IPC_HOOK_EXTHOST = /run/user/1000/vscode-ipc-28ee8fa4-3a47-4a4f-adaa-a16620329806.sock
# environment
VSCODE_CWD = /home/frank
# environment
CAML_LD_LIBRARY_PATH = /home/frank/.opam/for_tezos/lib/stublibs:/home/frank/.opam/for_tezos/lib/ocaml/stublibs:/home/frank/.opam/for_tezos/lib/ocaml
# environment
NVM_DIR = /home/frank/.nvm
# default
MAKE_COMMAND := make
# environment
QT_ACCESSIBILITY = 1
# automatic
@D = $(patsubst %/,%,$(dir $@))
# environment
VSCODE_HANDLES_UNCAUGHT_ERRORS = true
# default
.VARIABLES := 
# environment
PWD = /home/frank/Ligolib/permit-jsligo
# automatic
%D = $(patsubst %/,%,$(dir $%))
# environment
XDG_DATA_DIRS = /usr/share/ubuntu:/usr/local/share/:/usr/share/:/var/lib/snapd/desktop
# automatic
^D = $(patsubst %/,%,$(dir $^))
# environment
VSCODE_LOG_STACK = false
# automatic
%F = $(notdir $%)
# environment
NVM_INC = /home/frank/.nvm/versions/node/v18.0.0/include/node
# environment
VSCODE_CODE_CACHE_PATH = /home/frank/.config/Code/CachedData/30d9c6cd9483b2cc586687151bcbcd635f373630
# environment
LANG = C
# environment
XAUTHORITY = /run/user/1000/.mutter-Xwaylandauth.E71MQ1
# default
.LOADED := 
# default
.INCLUDE_DIRS = /usr/local/include /usr/include /usr/include
# makefile
MAKEFLAGS = pqrR
# makefile
CURDIR := /home/frank/Ligolib/permit-jsligo
# environment
VSCODE_PIPE_LOGGING = true
# environment
APPLICATION_INSIGHTS_NO_DIAGNOSTIC_CHANNEL = 1
# environment
LESSOPEN = | /usr/bin/lesspipe %s
# automatic
*D = $(patsubst %/,%,$(dir $*))
# environment
MFLAGS = -pqrR
# environment
SSH_AUTH_SOCK = /run/user/1000/keyring/ssh
# default
.SHELLFLAGS := -c
# environment
NVM_BIN = /home/frank/.nvm/versions/node/v18.0.0/bin
# environment
WAYLAND_DISPLAY = wayland-0
# environment
XDG_CONFIG_DIRS = /etc/xdg/xdg-ubuntu:/etc/xdg
# automatic
+D = $(patsubst %/,%,$(dir $+))
# environment
XDG_SESSION_DESKTOP = ubuntu
# makefile (from 'Makefile', line 1)
MAKEFILE_LIST := Makefile
# automatic
@F = $(notdir $@)
# environment
OCAML_TOPLEVEL_PATH = /home/frank/.opam/for_tezos/lib/toplevel
# environment
VSCODE_VERBOSE_LOGGING = true
# environment
VSCODE_PID = 6165
# environment
XDG_SESSION_TYPE = wayland
# automatic
?D = $(patsubst %/,%,$(dir $?))
# environment
SESSION_MANAGER = local/frank-Legion-5-Pro-16ACH6H:@/tmp/.ICE-unix/3695,unix/frank-Legion-5-Pro-16ACH6H:/tmp/.ICE-unix/3695
# automatic
*F = $(notdir $*)
# environment
MANPATH = /home/frank/.nvm/versions/node/v18.0.0/share/man::/home/frank/.opam/for_tezos/man:/home/frank/.opam/for_tezos/man
# environment
CHROME_DESKTOP = code-url-handler.desktop
# environment
DBUS_SESSION_BUS_ADDRESS = unix:path=/run/user/1000/bus
# automatic
<D = $(patsubst %/,%,$(dir $<))
# environment
VSCODE_NLS_CONFIG = {"locale":"fr","availableLanguages":{},"_languagePackSupport":true}
# default
MAKE_HOST := x86_64-pc-linux-gnu
# environment
GNOME_DESKTOP_SESSION_ID = this-is-deprecated
# makefile (from 'Makefile', line 1)
SHELL := /bin/bash
# default
MAKECMDGOALS := all
# environment
XMODIFIERS = @im=ibus
# environment
GJS_DEBUG_TOPICS = JS ERROR;JS LOG
# environment
SHLVL = 0
# environment
MAKELEVEL := 0
# environment
IM_CONFIG_CHECK_ENV = 1
# makefile (from 'Makefile', line 15)
compile = $(LIGO) compile contract $(project_root) ./src/$(1) -o ./compiled/$(2) $(3)
# default
MAKE = $(MAKE_COMMAND)
# environment
PATH = /home/frank/.poetry/bin:/home/frank/.opam/for_tezos/bin:/home/frank/.local/bin:/home/frank/.nvm/versions/node/v18.0.0/bin:/home/frank/.poetry/bin:/home/frank/.opam/for_tezos/bin:/home/frank/.cargo/bin:/home/frank/.local/bin:/usr/local/sbin:/usr/local/bin:/usr/sbin:/usr/bin:/sbin:/bin:/usr/games:/usr/local/games:/snap/bin:/snap/bin
# default
MAKEFILES := 
# automatic
^F = $(notdir $^)
# environment
INVOCATION_ID = 2e33c7d385a3408285d508fee06d19f4
# environment
VSCODE_LOG_NATIVE = false
# environment
USERNAME = frank
# environment
GNOME_SETUP_DISPLAY = :1
# environment
LESSCLOSE = /usr/bin/lesspipe %s %s
# automatic
?F = $(notdir $?)
# makefile (from 'Makefile', line 8)
project_root = --project-root .
# environment
XDG_CURRENT_DESKTOP = Unity
# environment
LS_COLORS = 
# automatic
+F = $(notdir $+)
# environment
DESKTOP_SESSION = ubuntu
# environment
ORIGINAL_XDG_CURRENT_DESKTOP = ubuntu:GNOME
# 'override' directive
GNUMAKEFLAGS := 
# environment
LOGNAME = frank
# makefile (from 'Makefile', line 4)
LIGO = docker run -u $(id -u):$(id -g) --rm -v "$(PWD)":"$(PWD)" -w "$(PWD)" ligolang/ligo:stable
# environment
GIO_LAUNCHED_DESKTOP_FILE = /usr/share/applications/code.desktop
# makefile
.DEFAULT_GOAL := help
# environment
DISPLAY = :0
# environment
USER = frank
# environment
GTK_MODULES = gail:atk-bridge
# default
MAKE_VERSION := 4.3
# environment
MANAGERPID = 3563
# makefile (from 'Makefile', line 18)
test = $(LIGO) run test $(project_root) ./test/$(1)
# environment
OPAM_SWITCH_PREFIX = /home/frank/.opam/for_tezos
# environment
GIO_LAUNCHED_DESKTOP_FILE_PID = 6165
# environment
_ = /usr/share/code/code
# environment
XDG_RUNTIME_DIR = /run/user/1000
# environment
NVM_CD_FLAGS = 
# environment
JOURNAL_STREAM = 8:37665
# environment
XDG_SESSION_CLASS = user
# environment
VSCODE_AMD_ENTRYPOINT = vs/workbench/api/node/extensionHostProcess
# environment
HOME = /home/frank
# environment
QT_IM_MODULE = ibus
# environment
ELECTRON_RUN_AS_NODE = 1
# environment
VSCODE_IPC_HOOK = /run/user/1000/vscode-6afd174d-1.68.1-main.sock
# environment
IM_CONFIG_PHASE = 1
# default
.RECIPEPREFIX := 
# automatic
<F = $(notdir $<)
# default
SUFFIXES := 
# default
.FEATURES := target-specific order-only second-expansion else-if shortest-stem undefine oneshell nocomment grouped-target extra-prereqs archives jobserver output-sync check-symlink load
# environment
XDG_MENU_PREFIX = gnome-
# environment
GDMSESSION = ubuntu
# variable set hash-table stats:
# Load=110/1024=11%, Rehash=0, Collisions=5/143=3%

# Pattern-specific Variable Values

# No pattern-specific variable values.

# Directories

# . (device 66309, inode 15863135): 25 files, no impossibilities.

# 25 files, no impossibilities in 1 directories.

# Implicit Rules

# No implicit rules.

# Files

deploy:
#  Implicit rule search has not been done.
#  Modification time never checked.
#  File has not been updated.
#  recipe to execute (from 'Makefile', line 30):
	@if [ ! -f ./scripts/metadata.json ]; then cp scripts/metadata.json.dist \
        scripts/metadata.json ; fi
	@npx ts-node ./scripts/deploy.ts

compile:
#  Implicit rule search has not been done.
#  Modification time never checked.
#  File has not been updated.
#  recipe to execute (from 'Makefile', line 22):
	@if [ ! -d ./compiled ]; then mkdir ./compiled ; fi
	@$(call compile,main.jsligo,taco_shop_token.tz)
	@$(call compile,main.jsligo,taco_shop_token.json,--michelson-format json)

lint:
#  Implicit rule search has not been done.
#  Modification time never checked.
#  File has not been updated.
#  recipe to execute (from 'Makefile', line 54):
	@npx eslint ./scripts --ext .ts

# Not a target:
Makefile:
#  Implicit rule search has been done.
#  Last modified 2022-08-19 17:08:10.290519698
 
make: *** No rule to make target 'all'.  Stop.

#  File has been updated.
#  Successfully updated.

clean:
#  Implicit rule search has not been done.
#  Modification time never checked.
#  File has not been updated.
#  recipe to execute (from 'Makefile', line 27):
	@rm -rf compiled

# Not a target:
.DEFAULT:
#  Implicit rule search has not been done.
#  Modification time never checked.
#  File has not been updated.

# Not a target:
all:
#  Command line target.
#  Implicit rule search has been done.
#  File does not exist.
#  File has not been updated.

help:
#  Implicit rule search has not been done.
#  Modification time never checked.
#  File has not been updated.
#  recipe to execute (from 'Makefile', line 12):
	@grep -E '^[ a-zA-Z_-]+:.*?## .*$$' $(MAKEFILE_LIST) | sort | \
	awk 'BEGIN {FS = ":.*?## "}; {printf "\033[36m%-15s\033[0m %s\n", $$1, $$2}'

sandbox-stop:
#  Implicit rule search has not been done.
#  Modification time never checked.
#  File has not been updated.
#  recipe to execute (from 'Makefile', line 60):
	@docker stop sandbox

test:
#  Phony target (prerequisite of .PHONY).
#  Implicit rule search has not been done.
#  File does not exist.
#  File has not been updated.
#  recipe to execute (from 'Makefile', line 42):
	@$(call test,permit.test.mligo)
	@$(call test,set_expiry.test.mligo)
	@$(call test,set_admin.test.mligo)
	@$(call test,transfer.test.mligo)
	@$(call test,create_token.test.mligo)
	@$(call test,mint_token.test.mligo)
	@$(call test,burn_token.test.mligo)

install:
#  Implicit rule search has not been done.
#  Modification time never checked.
#  File has not been updated.
#  recipe to execute (from 'Makefile', line 35):
	@if [ ! -f ./.env ]; then cp .env.dist .env ; fi
	@$(LIGO) install
	@npm i

sandbox-start:
#  Implicit rule search has not been done.
#  Modification time never checked.
#  File has not been updated.
#  recipe to execute (from 'Makefile', line 57):
	@./scripts/run-sandbox

.PHONY: test
#  Implicit rule search has not been done.
#  Modification time never checked.
#  File has not been updated.

# files hash-table stats:
# Load=14/1024=1%, Rehash=0, Collisions=0/26=0%
# VPATH Search Paths

# No 'vpath' search paths.

# No general ('VPATH' variable) search path.

# strcache buffers: 1 (0) / strings = 39 / storage = 349 B / avg = 8 B
# current buf: size = 8162 B / used = 349 B / count = 39 / avg = 8 B

# strcache performance: lookups = 55 / hit rate = 29%
# hash-table stats:
# Load=39/8192=0%, Rehash=0, Collisions=0/55=0%
# Finished Make data base on Fri Aug 19 17:08:58 2022

 
